<?xml version="1.0" encoding="UTF-8"?>
<testng-results ignored="0" total="2" passed="2" failed="0" skipped="0">
  <reporter-output>
  </reporter-output>
  <suite started-at="2022-06-07T05:57:12Z" name="Default suite" finished-at="2022-06-07T05:57:23Z" duration-ms="11796">
    <groups>
    </groups>
    <test started-at="2022-06-07T05:57:12Z" name="Default test" finished-at="2022-06-07T05:57:23Z" duration-ms="11796">
      <class name="Tests.GoogleSearch_Test">
        <test-method is-config="true" signature="StartDriver()[pri:0, instance:Tests.GoogleSearch_Test@8458f04]" started-at="2022-06-07T05:57:12Z" name="StartDriver" finished-at="2022-06-07T05:57:19Z" duration-ms="7294" status="PASS">
          <reporter-output>
          </reporter-output>
        </test-method> <!-- StartDriver -->
        <test-method signature="UserCanSearchSuccessfully()[pri:1, instance:Tests.GoogleSearch_Test@8458f04]" started-at="2022-06-07T05:57:19Z" name="UserCanSearchSuccessfully" finished-at="2022-06-07T05:57:21Z" duration-ms="2007" status="PASS">
          <reporter-output>
          </reporter-output>
        </test-method> <!-- UserCanSearchSuccessfully -->
        <test-method signature="UserCanOpenSeleniumSite()[pri:2, instance:Tests.GoogleSearch_Test@8458f04]" started-at="2022-06-07T05:57:21Z" name="UserCanOpenSeleniumSite" finished-at="2022-06-07T05:57:23Z" depends-on-methods="Tests.GoogleSearch_Test.UserCanSearchSuccessfully" duration-ms="2115" status="PASS">
          <reporter-output>
          </reporter-output>
        </test-method> <!-- UserCanOpenSeleniumSite -->
        <test-method is-config="true" signature="StopDriver()[pri:0, instance:Tests.GoogleSearch_Test@8458f04]" started-at="2022-06-07T05:57:23Z" name="StopDriver" finished-at="2022-06-07T05:57:23Z" duration-ms="346" status="PASS">
          <reporter-output>
          </reporter-output>
        </test-method> <!-- StopDriver -->
      </class> <!-- Tests.GoogleSearch_Test -->
    </test> <!-- Default test -->
  </suite> <!-- Default suite -->
</testng-results>
