<?xml version="1.0" encoding="UTF-8"?>
<testng-results ignored="0" total="1" passed="1" failed="0" skipped="0">
  <reporter-output>
  </reporter-output>
  <suite started-at="2022-06-07T11:06:39Z" name="Default suite" finished-at="2022-06-07T11:07:09Z" duration-ms="30038">
    <groups>
      <group name="cucumber">
        <method signature="AbstractTestNGCucumberTests.runScenario(io.cucumber.testng.PickleWrapper, io.cucumber.testng.FeatureWrapper)[pri:0, instance:Runner.TestRunner@45d84a20]" name="runScenario" class="io.cucumber.testng.AbstractTestNGCucumberTests"/>
      </group> <!-- cucumber -->
    </groups>
    <test started-at="2022-06-07T11:06:39Z" name="Default test" finished-at="2022-06-07T11:07:09Z" duration-ms="30038">
      <class name="Runner.TestRunner">
        <test-method is-config="true" signature="StartDriver()[pri:0, instance:Runner.TestRunner@45d84a20]" started-at="2022-06-07T11:06:39Z" name="StartDriver" finished-at="2022-06-07T11:06:44Z" duration-ms="4242" status="PASS">
          <reporter-output>
          </reporter-output>
        </test-method> <!-- StartDriver -->
        <test-method is-config="true" signature="setUpClass(org.testng.ITestContext)[pri:0, instance:Runner.TestRunner@45d84a20]" started-at="2022-06-07T11:06:44Z" name="setUpClass" finished-at="2022-06-07T11:06:44Z" duration-ms="728" status="PASS">
          <params>
            <param index="0">
              <value>
                <![CDATA[org.testng.TestRunner@28369db0]]>
              </value>
            </param>
          </params>
          <reporter-output>
          </reporter-output>
        </test-method> <!-- setUpClass -->
        <test-method signature="runScenario(io.cucumber.testng.PickleWrapper, io.cucumber.testng.FeatureWrapper)[pri:0, instance:Runner.TestRunner@45d84a20]" started-at="2022-06-07T11:06:44Z" name="runScenario" description="Runs Cucumber Scenarios" data-provider="scenarios" finished-at="2022-06-07T11:07:09Z" duration-ms="24784" status="PASS">
          <params>
            <param index="0">
              <value>
                <![CDATA["Google Search"]]>
              </value>
            </param>
            <param index="1">
              <value>
                <![CDATA["Google Search"]]>
              </value>
            </param>
          </params>
          <reporter-output>
          </reporter-output>
        </test-method> <!-- runScenario -->
        <test-method is-config="true" signature="tearDownClass()[pri:0, instance:Runner.TestRunner@45d84a20]" started-at="2022-06-07T11:07:09Z" name="tearDownClass" finished-at="2022-06-07T11:07:09Z" duration-ms="53" status="PASS">
          <reporter-output>
          </reporter-output>
        </test-method> <!-- tearDownClass -->
        <test-method is-config="true" signature="StopDriver()[pri:0, instance:Runner.TestRunner@45d84a20]" started-at="2022-06-07T11:07:09Z" name="StopDriver" finished-at="2022-06-07T11:07:09Z" duration-ms="207" status="PASS">
          <reporter-output>
          </reporter-output>
        </test-method> <!-- StopDriver -->
      </class> <!-- Runner.TestRunner -->
    </test> <!-- Default test -->
  </suite> <!-- Default suite -->
</testng-results>
